
**** Build of configuration Debug for project SysTick_Timer_Exercise1 ****

"C:\\ti\\ccs1271\\ccs\\utils\\bin\\gmake" -k -j 4 all -O 
 
Building file: "../tm4c123gh6pm_startup_ccs.c"
Invoking: Arm Compiler
"C:/ti/ccs1271/ccs/tools/compiler/ti-cgt-arm_20.2.7.LTS/bin/armcl" -mv7M4 --code_state=16 --float_support=FPv4SPD16 -me --include_path="D:/Advanced Embedded Course/Projects/Arm-Cortex-M-Architecture-Course-/SysTick_Timer_Exercise1" --include_path="C:/ti/ccs1271/ccs/tools/compiler/ti-cgt-arm_20.2.7.LTS/include" --define=ccs="ccs" --define=PART_TM4C123GH6PM -g --gcc --diag_warning=225 --diag_wrap=off --display_error_number --abi=eabi --preproc_with_compile --preproc_dependency="tm4c123gh6pm_startup_ccs.d_raw"  "../tm4c123gh6pm_startup_ccs.c"
Finished building: "../tm4c123gh6pm_startup_ccs.c"
 
Building file: "../main.c"
Invoking: Arm Compiler
"C:/ti/ccs1271/ccs/tools/compiler/ti-cgt-arm_20.2.7.LTS/bin/armcl" -mv7M4 --code_state=16 --float_support=FPv4SPD16 -me --include_path="D:/Advanced Embedded Course/Projects/Arm-Cortex-M-Architecture-Course-/SysTick_Timer_Exercise1" --include_path="C:/ti/ccs1271/ccs/tools/compiler/ti-cgt-arm_20.2.7.LTS/include" --define=ccs="ccs" --define=PART_TM4C123GH6PM -g --gcc --diag_warning=225 --diag_wrap=off --display_error_number --abi=eabi --preproc_with_compile --preproc_dependency="main.d_raw"  "../main.c"
Finished building: "../main.c"
 
Building target: "SysTick_Timer_Exercise1.out"
Invoking: Arm Linker
"C:/ti/ccs1271/ccs/tools/compiler/ti-cgt-arm_20.2.7.LTS/bin/armcl" -mv7M4 --code_state=16 --float_support=FPv4SPD16 -me --define=ccs="ccs" --define=PART_TM4C123GH6PM -g --gcc --diag_warning=225 --diag_wrap=off --display_error_number --abi=eabi -z -m"SysTick_Timer_Exercise1.map" --heap_size=0 --stack_size=512 -i"C:/ti/ccs1271/ccs/tools/compiler/ti-cgt-arm_20.2.7.LTS/lib" -i"C:/ti/ccs1271/ccs/tools/compiler/ti-cgt-arm_20.2.7.LTS/include" --reread_libs --diag_wrap=off --display_error_number --warn_sections --xml_link_info="SysTick_Timer_Exercise1_linkInfo.xml" --rom_model -o "SysTick_Timer_Exercise1.out" "./main.obj" "./tm4c123gh6pm_startup_ccs.obj" "../tm4c123gh6pm.cmd"  -llibc.a 
<Linking>
 
 undefined       first referenced              
  symbol             in file                   
 ---------       ----------------              
 SysTick_Handler ./tm4c123gh6pm_startup_ccs.obj
 
error #10234-D: unresolved symbols remain
error #10010: errors encountered during linking; "SysTick_Timer_Exercise1.out" not built
 
>> Compilation failure
makefile:136: recipe for target 'SysTick_Timer_Exercise1.out' failed
gmake[1]: *** [SysTick_Timer_Exercise1.out] Error 1
makefile:132: recipe for target 'all' failed
gmake: *** [all] Error 2

**** Build Finished ****
